<?xml version="1.0" encoding="UTF-8"?>
<testsuite xmlns:xsi="http://www.w3.org/2001/XMLSchema-instance" xsi:noNamespaceSchemaLocation="https://maven.apache.org/surefire/maven-surefire-plugin/xsd/surefire-test-report.xsd" name="Runner.TestRunner" time="23.706" tests="7" errors="0" skipped="2" failures="0">
  <properties>
[...]
</properties>
  <testcase name="Given User is on Amazon homepage" classname="Scenario: Search for specific product on Amazon.com" time="0.001"/>
  <testcase name="When He search for &quot;Nikon&quot;" classname="Scenario: Search for specific product on Amazon.com" time="0"/>
  <testcase name="And Sort results from highest price to lowest" classname="Scenario: Search for specific product on Amazon.com" time="0"/>
  <testcase name="Then He select second product and click it for details" classname="Scenario: Search for specific product on Amazon.com" time="0"/>
  <testcase name="And From page details check that product topic contains text “Nikon D3X”" classname="Scenario: Search for specific product on Amazon.com" time="0">
    <skipped/>
  </testcase>
  <testcase name="Scenario: Search for specific product on Amazon.com" classname="Scenario: Search for specific product on Amazon.com" time="0">
    <skipped/>
  </testcase>
  <testcase name="Scenario: Search for specific product on Amazon.com" classname="Scenario: Search for specific product on Amazon.com" time="0.905"/>
</testsuite>